# JRE version: OpenJDK Runtime Environment (24.0.1+9) (build 24.0.1+9-30)
# Java VM: OpenJDK 64-Bit Server VM (24.0.1+9-30, mixed mode, sharing, tiered, compressed oops, compressed class ptrs, g1 gc, windows-amd64)
GC Precious Log:
 CardTable entry size: 512
 Card Set container configuration: InlinePtr #cards 4 size 8 Array Of Cards #cards 16 size 48 Howl #buckets 8 coarsen threshold 3686 Howl Bitmap #cards 512 size 80 coarsen threshold 460 Card regions per heap region 1 cards per card region 4096
 CPUs: 12 total, 12 available
 Memory: 15611M
 Large Page Support: Disabled
 NUMA Support: Disabled
 Compressed Oops: Enabled (Zero based)
 Heap Region Size: 2M
 Heap Min Capacity: 8M
 Heap Initial Capacity: 244M
 Heap Max Capacity: 3904M
 Pre-touch: Disabled
 Parallel Workers: 10
 Concurrent Workers: 3
 Concurrent Refinement Workers: 10
 Periodic GC: Disabled
Heap:
 garbage-first heap   total reserved 3997696K, committed 147456K, used 83162K [0x000000070c000000, 0x0000000800000000)
  region size 2048K, 38 young (77824K), 1 survivors (2048K)
 Metaspace       used 22305K, committed 22592K, reserved 1114112K
  class space    used 2372K, committed 2496K, reserved 1048576K
GC Heap History (20 events):
Event: 104.966 GC heap before
{Heap before GC invocations=490 (full 0):
 garbage-first heap   total reserved 3997696K, committed 477184K, used 290747K [0x000000070c000000, 0x0000000800000000)
  region size 2048K, 139 young (284672K), 1 survivors (2048K)
 Metaspace       used 21135K, committed 21440K, reserved 1114112K
  class space    used 2232K, committed 2368K, reserved 1048576K
}
Event: 104.967 GC heap after
{Heap after GC invocations=491 (full 0):
 garbage-first heap   total reserved 3997696K, committed 477184K, used 8125K [0x000000070c000000, 0x0000000800000000)
  region size 2048K, 1 young (2048K), 1 survivors (2048K)
 Metaspace       used 21135K, committed 21440K, reserved 1114112K
  class space    used 2232K, committed 2368K, reserved 1048576K
}
Event: 105.220 GC heap before
{Heap before GC invocations=491 (full 0):
 garbage-first heap   total reserved 3997696K, committed 477184K, used 290749K [0x000000070c000000, 0x0000000800000000)
  region size 2048K, 139 young (284672K), 1 survivors (2048K)
 Metaspace       used 21135K, committed 21440K, reserved 1114112K
  class space    used 2232K, committed 2368K, reserved 1048576K
}
Event: 105.220 GC heap after
{Heap after GC invocations=492 (full 0):
 garbage-first heap   total reserved 3997696K, committed 477184K, used 8125K [0x000000070c000000, 0x0000000800000000)
  region size 2048K, 1 young (2048K), 1 survivors (2048K)
 Metaspace       used 21135K, committed 21440K, reserved 1114112K
  class space    used 2232K, committed 2368K, reserved 1048576K
}
Event: 105.475 GC heap before
{Heap before GC invocations=492 (full 0):
 garbage-first heap   total reserved 3997696K, committed 477184K, used 290749K [0x000000070c000000, 0x0000000800000000)
  region size 2048K, 139 young (284672K), 1 survivors (2048K)
 Metaspace       used 21135K, committed 21440K, reserved 1114112K
  class space    used 2232K, committed 2368K, reserved 1048576K
}
Event: 105.475 GC heap after
{Heap after GC invocations=493 (full 0):
 garbage-first heap   total reserved 3997696K, committed 477184K, used 8123K [0x000000070c000000, 0x0000000800000000)
  region size 2048K, 1 young (2048K), 1 survivors (2048K)
 Metaspace       used 21135K, committed 21440K, reserved 1114112K
  class space    used 2232K, committed 2368K, reserved 1048576K
}
Event: 105.732 GC heap before
{Heap before GC invocations=493 (full 0):
 garbage-first heap   total reserved 3997696K, committed 477184K, used 272315K [0x000000070c000000, 0x0000000800000000)
  region size 2048K, 131 young (268288K), 1 survivors (2048K)
 Metaspace       used 21217K, committed 21504K, reserved 1114112K
  class space    used 2237K, committed 2368K, reserved 1048576K
}
Event: 105.733 GC heap after
{Heap after GC invocations=494 (full 0):
 garbage-first heap   total reserved 3997696K, committed 477184K, used 8133K [0x000000070c000000, 0x0000000800000000)
  region size 2048K, 1 young (2048K), 1 survivors (2048K)
 Metaspace       used 21217K, committed 21504K, reserved 1114112K
  class space    used 2237K, committed 2368K, reserved 1048576K
}
Event: 105.778 GC heap before
{Heap before GC invocations=495 (full 0):
 garbage-first heap   total reserved 3997696K, committed 40960K, used 36805K [0x000000070c000000, 0x0000000800000000)
  region size 2048K, 15 young (30720K), 1 survivors (2048K)
 Metaspace       used 21664K, committed 22016K, reserved 1114112K
  class space    used 2294K, committed 2432K, reserved 1048576K
}
Event: 105.779 GC heap after
{Heap after GC invocations=496 (full 0):
 garbage-first heap   total reserved 3997696K, committed 43008K, used 8382K [0x000000070c000000, 0x0000000800000000)
  region size 2048K, 1 young (2048K), 1 survivors (2048K)
 Metaspace       used 21664K, committed 22016K, reserved 1114112K
  class space    used 2294K, committed 2432K, reserved 1048576K
}
Event: 105.805 GC heap before
{Heap before GC invocations=496 (full 0):
 garbage-first heap   total reserved 3997696K, committed 43008K, used 30910K [0x000000070c000000, 0x0000000800000000)
  region size 2048K, 12 young (24576K), 1 survivors (2048K)
 Metaspace       used 21756K, committed 22080K, reserved 1114112K
  class space    used 2300K, committed 2432K, reserved 1048576K
}
Event: 105.810 GC heap after
{Heap after GC invocations=497 (full 0):
 garbage-first heap   total reserved 3997696K, committed 43008K, used 8601K [0x000000070c000000, 0x0000000800000000)
  region size 2048K, 1 young (2048K), 1 survivors (2048K)
 Metaspace       used 21756K, committed 22080K, reserved 1114112K
  class space    used 2300K, committed 2432K, reserved 1048576K
}
Event: 105.839 GC heap before
{Heap before GC invocations=497 (full 0):
 garbage-first heap   total reserved 3997696K, committed 43008K, used 31129K [0x000000070c000000, 0x0000000800000000)
  region size 2048K, 12 young (24576K), 1 survivors (2048K)
 Metaspace       used 21859K, committed 22144K, reserved 1114112K
  class space    used 2311K, committed 2432K, reserved 1048576K
}
Event: 105.840 GC heap after
{Heap after GC invocations=498 (full 0):
 garbage-first heap   total reserved 3997696K, committed 43008K, used 8820K [0x000000070c000000, 0x0000000800000000)
  region size 2048K, 1 young (2048K), 1 survivors (2048K)
 Metaspace       used 21859K, committed 22144K, reserved 1114112K
  class space    used 2311K, committed 2432K, reserved 1048576K
}
Event: 105.869 GC heap before
{Heap before GC invocations=498 (full 0):
 garbage-first heap   total reserved 3997696K, committed 43008K, used 31348K [0x000000070c000000, 0x0000000800000000)
  region size 2048K, 12 young (24576K), 1 survivors (2048K)
 Metaspace       used 21983K, committed 22336K, reserved 1114112K
  class space    used 2332K, committed 2496K, reserved 1048576K
}
Event: 105.871 GC heap after
{Heap after GC invocations=499 (full 0):
 garbage-first heap   total reserved 3997696K, committed 43008K, used 9029K [0x000000070c000000, 0x0000000800000000)
  region size 2048K, 1 young (2048K), 1 survivors (2048K)
 Metaspace       used 21983K, committed 22336K, reserved 1114112K
  class space    used 2332K, committed 2496K, reserved 1048576K
}
Event: 105.897 GC heap before
{Heap before GC invocations=499 (full 0):
 garbage-first heap   total reserved 3997696K, committed 43008K, used 31557K [0x000000070c000000, 0x0000000800000000)
  region size 2048K, 12 young (24576K), 1 survivors (2048K)
 Metaspace       used 22173K, committed 22464K, reserved 1114112K
  class space    used 2359K, committed 2496K, reserved 1048576K
}
Event: 105.899 GC heap after
{Heap after GC invocations=500 (full 0):
 garbage-first heap   total reserved 3997696K, committed 147456K, used 9097K [0x000000070c000000, 0x0000000800000000)
  region size 2048K, 1 young (2048K), 1 survivors (2048K)
 Metaspace       used 22173K, committed 22464K, reserved 1114112K
  class space    used 2359K, committed 2496K, reserved 1048576K
}
Event: 106.001 GC heap before
{Heap before GC invocations=500 (full 0):
 garbage-first heap   total reserved 3997696K, committed 147456K, used 95113K [0x000000070c000000, 0x0000000800000000)
  region size 2048K, 43 young (88064K), 1 survivors (2048K)
 Metaspace       used 22305K, committed 22592K, reserved 1114112K
  class space    used 2372K, committed 2496K, reserved 1048576K
}
Event: 106.003 GC heap after
{Heap after GC invocations=501 (full 0):
 garbage-first heap   total reserved 3997696K, committed 147456K, used 9426K [0x000000070c000000, 0x0000000800000000)
  region size 2048K, 1 young (2048K), 1 survivors (2048K)
 Metaspace       used 22305K, committed 22592K, reserved 1114112K
  class space    used 2372K, committed 2496K, reserved 1048576K
}

