# JRE version: OpenJDK Runtime Environment (24.0.1+9) (build 24.0.1+9-30)
# Java VM: OpenJDK 64-Bit Server VM (24.0.1+9-30, mixed mode, sharing, tiered, compressed oops, compressed class ptrs, g1 gc, windows-amd64)
GC Precious Log:
 CardTable entry size: 512
 Card Set container configuration: InlinePtr #cards 4 size 8 Array Of Cards #cards 16 size 48 Howl #buckets 8 coarsen threshold 3686 Howl Bitmap #cards 512 size 80 coarsen threshold 460 Card regions per heap region 1 cards per card region 4096
 CPUs: 12 total, 12 available
 Memory: 15611M
 Large Page Support: Disabled
 NUMA Support: Disabled
 Compressed Oops: Enabled (Zero based)
 Heap Region Size: 2M
 Heap Min Capacity: 8M
 Heap Initial Capacity: 244M
 Heap Max Capacity: 3904M
 Pre-touch: Disabled
 Parallel Workers: 10
 Concurrent Workers: 3
 Concurrent Refinement Workers: 10
 Periodic GC: Disabled
Heap:
 garbage-first heap   total reserved 3997696K, committed 147456K, used 89368K [0x000000070c000000, 0x0000000800000000)
  region size 2048K, 41 young (83968K), 1 survivors (2048K)
 Metaspace       used 21854K, committed 22208K, reserved 1114112K
  class space    used 2341K, committed 2496K, reserved 1048576K
GC Heap History (20 events):
Event: 71.104 GC heap before
{Heap before GC invocations=363 (full 0):
 garbage-first heap   total reserved 3997696K, committed 491520K, used 303018K [0x000000070c000000, 0x0000000800000000)
  region size 2048K, 144 young (294912K), 0 survivors (0K)
 Metaspace       used 20697K, committed 21056K, reserved 1114112K
  class space    used 2211K, committed 2368K, reserved 1048576K
}
Event: 71.104 GC heap after
{Heap after GC invocations=364 (full 0):
 garbage-first heap   total reserved 3997696K, committed 491520K, used 8106K [0x000000070c000000, 0x0000000800000000)
  region size 2048K, 0 young (0K), 0 survivors (0K)
 Metaspace       used 20697K, committed 21056K, reserved 1114112K
  class space    used 2211K, committed 2368K, reserved 1048576K
}
Event: 71.279 GC heap before
{Heap before GC invocations=364 (full 0):
 garbage-first heap   total reserved 3997696K, committed 491520K, used 303018K [0x000000070c000000, 0x0000000800000000)
  region size 2048K, 144 young (294912K), 0 survivors (0K)
 Metaspace       used 20697K, committed 21056K, reserved 1114112K
  class space    used 2211K, committed 2368K, reserved 1048576K
}
Event: 71.280 GC heap after
{Heap after GC invocations=365 (full 0):
 garbage-first heap   total reserved 3997696K, committed 491520K, used 8106K [0x000000070c000000, 0x0000000800000000)
  region size 2048K, 0 young (0K), 0 survivors (0K)
 Metaspace       used 20697K, committed 21056K, reserved 1114112K
  class space    used 2211K, committed 2368K, reserved 1048576K
}
Event: 71.454 GC heap before
{Heap before GC invocations=365 (full 0):
 garbage-first heap   total reserved 3997696K, committed 491520K, used 303018K [0x000000070c000000, 0x0000000800000000)
  region size 2048K, 144 young (294912K), 0 survivors (0K)
 Metaspace       used 20697K, committed 21056K, reserved 1114112K
  class space    used 2211K, committed 2368K, reserved 1048576K
}
Event: 71.455 GC heap after
{Heap after GC invocations=366 (full 0):
 garbage-first heap   total reserved 3997696K, committed 491520K, used 8106K [0x000000070c000000, 0x0000000800000000)
  region size 2048K, 0 young (0K), 0 survivors (0K)
 Metaspace       used 20697K, committed 21056K, reserved 1114112K
  class space    used 2211K, committed 2368K, reserved 1048576K
}
Event: 71.635 GC heap before
{Heap before GC invocations=366 (full 0):
 garbage-first heap   total reserved 3997696K, committed 491520K, used 303018K [0x000000070c000000, 0x0000000800000000)
  region size 2048K, 144 young (294912K), 0 survivors (0K)
 Metaspace       used 21035K, committed 21376K, reserved 1114112K
  class space    used 2256K, committed 2432K, reserved 1048576K
}
Event: 71.635 GC heap after
{Heap after GC invocations=367 (full 0):
 garbage-first heap   total reserved 3997696K, committed 491520K, used 8235K [0x000000070c000000, 0x0000000800000000)
  region size 2048K, 1 young (2048K), 1 survivors (2048K)
 Metaspace       used 21035K, committed 21376K, reserved 1114112K
  class space    used 2256K, committed 2432K, reserved 1048576K
}
Event: 71.644 GC heap before
{Heap before GC invocations=367 (full 0):
 garbage-first heap   total reserved 3997696K, committed 491520K, used 20523K [0x000000070c000000, 0x0000000800000000)
  region size 2048K, 8 young (16384K), 1 survivors (2048K)
 Metaspace       used 21176K, committed 21504K, reserved 1114112K
  class space    used 2267K, committed 2432K, reserved 1048576K
}
Event: 71.645 GC heap after
{Heap after GC invocations=368 (full 0):
 garbage-first heap   total reserved 3997696K, committed 491520K, used 8249K [0x000000070c000000, 0x0000000800000000)
  region size 2048K, 1 young (2048K), 1 survivors (2048K)
 Metaspace       used 21176K, committed 21504K, reserved 1114112K
  class space    used 2267K, committed 2432K, reserved 1048576K
}
Event: 71.677 GC heap before
{Heap before GC invocations=369 (full 0):
 garbage-first heap   total reserved 3997696K, committed 40960K, used 36921K [0x000000070c000000, 0x0000000800000000)
  region size 2048K, 15 young (30720K), 1 survivors (2048K)
 Metaspace       used 21288K, committed 21632K, reserved 1114112K
  class space    used 2271K, committed 2432K, reserved 1048576K
}
Event: 71.678 GC heap after
{Heap after GC invocations=370 (full 0):
 garbage-first heap   total reserved 3997696K, committed 43008K, used 8689K [0x000000070c000000, 0x0000000800000000)
  region size 2048K, 1 young (2048K), 1 survivors (2048K)
 Metaspace       used 21288K, committed 21632K, reserved 1114112K
  class space    used 2271K, committed 2432K, reserved 1048576K
}
Event: 71.699 GC heap before
{Heap before GC invocations=370 (full 0):
 garbage-first heap   total reserved 3997696K, committed 43008K, used 31217K [0x000000070c000000, 0x0000000800000000)
  region size 2048K, 12 young (24576K), 1 survivors (2048K)
 Metaspace       used 21409K, committed 21760K, reserved 1114112K
  class space    used 2280K, committed 2432K, reserved 1048576K
}
Event: 71.702 GC heap after
{Heap after GC invocations=371 (full 0):
 garbage-first heap   total reserved 3997696K, committed 43008K, used 8689K [0x000000070c000000, 0x0000000800000000)
  region size 2048K, 1 young (2048K), 1 survivors (2048K)
 Metaspace       used 21409K, committed 21760K, reserved 1114112K
  class space    used 2280K, committed 2432K, reserved 1048576K
}
Event: 71.721 GC heap before
{Heap before GC invocations=371 (full 0):
 garbage-first heap   total reserved 3997696K, committed 43008K, used 31217K [0x000000070c000000, 0x0000000800000000)
  region size 2048K, 12 young (24576K), 1 survivors (2048K)
 Metaspace       used 21514K, committed 21888K, reserved 1114112K
  class space    used 2300K, committed 2496K, reserved 1048576K
}
Event: 71.722 GC heap after
{Heap after GC invocations=372 (full 0):
 garbage-first heap   total reserved 3997696K, committed 43008K, used 8929K [0x000000070c000000, 0x0000000800000000)
  region size 2048K, 1 young (2048K), 1 survivors (2048K)
 Metaspace       used 21514K, committed 21888K, reserved 1114112K
  class space    used 2300K, committed 2496K, reserved 1048576K
}
Event: 71.736 GC heap before
{Heap before GC invocations=372 (full 0):
 garbage-first heap   total reserved 3997696K, committed 43008K, used 31457K [0x000000070c000000, 0x0000000800000000)
  region size 2048K, 12 young (24576K), 1 survivors (2048K)
 Metaspace       used 21682K, committed 22016K, reserved 1114112K
  class space    used 2322K, committed 2496K, reserved 1048576K
}
Event: 71.737 GC heap after
{Heap after GC invocations=373 (full 0):
 garbage-first heap   total reserved 3997696K, committed 43008K, used 9129K [0x000000070c000000, 0x0000000800000000)
  region size 2048K, 1 young (2048K), 1 survivors (2048K)
 Metaspace       used 21682K, committed 22016K, reserved 1114112K
  class space    used 2322K, committed 2496K, reserved 1048576K
}
Event: 71.750 GC heap before
{Heap before GC invocations=373 (full 0):
 garbage-first heap   total reserved 3997696K, committed 43008K, used 31657K [0x000000070c000000, 0x0000000800000000)
  region size 2048K, 12 young (24576K), 1 survivors (2048K)
 Metaspace       used 21799K, committed 22144K, reserved 1114112K
  class space    used 2335K, committed 2496K, reserved 1048576K
}
Event: 71.752 GC heap after
{Heap after GC invocations=374 (full 0):
 garbage-first heap   total reserved 3997696K, committed 147456K, used 10469K [0x000000070c000000, 0x0000000800000000)
  region size 2048K, 2 young (4096K), 2 survivors (4096K)
 Metaspace       used 21799K, committed 22144K, reserved 1114112K
  class space    used 2335K, committed 2496K, reserved 1048576K
}

